<?xml version="1.0" encoding="UTF-8"?>
<testng-results ignored="0" total="1" passed="1" failed="0" skipped="0">
  <reporter-output>
  </reporter-output>
  <suite started-at="2018-07-30T06:24:30Z" name="Yahoo App Test Automation Suite" finished-at="2018-07-30T06:24:38Z" duration-ms="7418">
    <groups>
    </groups>
    <test started-at="2018-07-30T06:24:30Z" name="Yahoo App Test" finished-at="2018-07-30T06:24:38Z" duration-ms="7418">
      <class name="com.parameters.ParameterTest">
        <test-method signature="yahooLoginTest(java.lang.String, java.lang.String, java.lang.String, java.lang.String)[pri:0, instance:com.parameters.ParameterTest@71e9ddb4]" started-at="2018-07-30T01:24:30Z" name="yahooLoginTest" finished-at="2018-07-30T01:24:38Z" duration-ms="7398" status="PASS">
          <params>
            <param index="0">
              <value>
                <![CDATA[QA]]>
              </value>
            </param>
            <param index="1">
              <value>
                <![CDATA[chrome]]>
              </value>
            </param>
            <param index="2">
              <value>
                <![CDATA[https://login.yahoo.com/]]>
              </value>
            </param>
            <param index="3">
              <value>
                <![CDATA[sharmi_13reddy]]>
              </value>
            </param>
          </params>
          <reporter-output>
          </reporter-output>
        </test-method> <!-- yahooLoginTest -->
      </class> <!-- com.parameters.ParameterTest -->
    </test> <!-- Yahoo App Test -->
  </suite> <!-- Yahoo App Test Automation Suite -->
</testng-results>
